2025-12-09 07:35:51,975 - [ERROR] - AppLogger.NewbookDB - Error logging newbook booking: 1054 (42S22): Unknown column 'adults' in 'INSERT INTO'
Traceback (most recent call last):
  File "D:\Projects\HolidayBrandAI\venv\Lib\site-packages\mysql\connector\connection_cext.py", line 772, in cmd_query
    self._cmysql.query(
_mysql_connector.MySQLInterfaceError: Unknown column 'adults' in 'INSERT INTO'

The above exception was the direct cause of the following exception:

Traceback (most recent call last):
  File "D:\Projects\HolidayBrandAI\utils\newbook_db.py", line 131, in log_newbook_booking
    cursor.execute(query, (
  File "D:\Projects\HolidayBrandAI\venv\Lib\site-packages\mysql\connector\cursor_cext.py", line 353, in execute
    self._connection.cmd_query(
  File "D:\Projects\HolidayBrandAI\venv\Lib\site-packages\mysql\connector\opentelemetry\context_propagation.py", line 97, in wrapper
    return method(cnx, *args, **kwargs)
           ^^^^^^^^^^^^^^^^^^^^^^^^^^^^
  File "D:\Projects\HolidayBrandAI\venv\Lib\site-packages\mysql\connector\connection_cext.py", line 781, in cmd_query
    raise get_mysql_exception(
mysql.connector.errors.ProgrammingError: 1054 (42S22): Unknown column 'adults' in 'INSERT INTO'
