2025-11-24 07:08:34,627 - [ERROR] - AppLogger.GHLIntegration - Error refreshing token: 400 - {"error":"invalid_grant","error_description":"This refresh token is invalid"}
2025-11-24 07:08:34,641 - [ERROR] - AppLogger.GHLIntegration - ⚠️ Failed to refresh access token. Token refresh returned None.
2025-11-24 07:12:09,086 - [ERROR] - AppLogger.GHLIntegration - Error refreshing token: 400 - {"error":"invalid_grant","error_description":"This refresh token is invalid"}
2025-11-24 07:12:09,091 - [ERROR] - AppLogger.GHLIntegration - ⚠️ Failed to refresh access token. Token refresh returned None.
2025-11-24 07:13:10,672 - [ERROR] - AppLogger.GHLIntegration - Error refreshing token: 400 - {"error":"invalid_grant","error_description":"This refresh token is invalid"}
2025-11-24 07:13:10,675 - [ERROR] - AppLogger.GHLIntegration - ⚠️ Failed to refresh access token. Token refresh returned None.
2025-11-24 07:17:49,238 - [ERROR] - AppLogger.GHLIntegration - Error refreshing token: 400 - {"error":"invalid_grant","error_description":"This refresh token is invalid"}
2025-11-24 07:17:49,243 - [ERROR] - AppLogger.GHLIntegration - ⚠️ Failed to refresh access token. Token refresh returned None.
2025-11-24 07:28:24,307 - [ERROR] - AppLogger.GHLIntegration - Error refreshing token: 400 - {"error":"invalid_grant","error_description":"This refresh token is invalid"}
2025-11-24 07:28:24,310 - [ERROR] - AppLogger.GHLIntegration - ⚠️ Failed to refresh access token. Token refresh returned None.
2025-11-24 07:28:28,658 - [ERROR] - AppLogger.GHLIntegration - Error refreshing token: 400 - {"error":"invalid_grant","error_description":"This refresh token is invalid"}
2025-11-24 07:28:28,666 - [ERROR] - AppLogger.GHLIntegration - ⚠️ Failed to refresh access token. Token refresh returned None.
2025-11-24 07:28:32,358 - [ERROR] - AppLogger.GHLIntegration - Error refreshing token: 400 - {"error":"invalid_grant","error_description":"This refresh token is invalid"}
2025-11-24 07:28:32,360 - [ERROR] - AppLogger.GHLIntegration - ⚠️ Failed to refresh access token. Token refresh returned None.
2025-11-24 07:28:36,974 - [ERROR] - AppLogger.GHLIntegration - Error refreshing token: 400 - {"error":"invalid_grant","error_description":"This refresh token is invalid"}
2025-11-24 07:28:36,976 - [ERROR] - AppLogger.GHLIntegration - ⚠️ Failed to refresh access token. Token refresh returned None.
2025-11-24 07:28:41,768 - [ERROR] - AppLogger.GHLIntegration - Error refreshing token: 400 - {"error":"invalid_grant","error_description":"This refresh token is invalid"}
2025-11-24 07:28:41,770 - [ERROR] - AppLogger.GHLIntegration - ⚠️ Failed to refresh access token. Token refresh returned None.
2025-11-24 07:28:47,496 - [ERROR] - AppLogger.GHLIntegration - Error refreshing token: 400 - {"error":"invalid_grant","error_description":"This refresh token is invalid"}
2025-11-24 07:28:47,499 - [ERROR] - AppLogger.GHLIntegration - ⚠️ Failed to refresh access token. Token refresh returned None.
2025-11-24 07:28:51,023 - [ERROR] - AppLogger.GHLIntegration - Error refreshing token: 400 - {"error":"invalid_grant","error_description":"This refresh token is invalid"}
2025-11-24 07:28:51,027 - [ERROR] - AppLogger.GHLIntegration - ⚠️ Failed to refresh access token. Token refresh returned None.
2025-11-24 07:28:57,767 - [ERROR] - AppLogger.GHLIntegration - Error refreshing token: 400 - {"error":"invalid_grant","error_description":"This refresh token is invalid"}
2025-11-24 07:28:57,770 - [ERROR] - AppLogger.GHLIntegration - ⚠️ Failed to refresh access token. Token refresh returned None.
2025-11-24 07:29:02,772 - [ERROR] - AppLogger.GHLIntegration - Error refreshing token: 400 - {"error":"invalid_grant","error_description":"This refresh token is invalid"}
2025-11-24 07:29:02,776 - [ERROR] - AppLogger.GHLIntegration - ⚠️ Failed to refresh access token. Token refresh returned None.
2025-11-24 07:29:07,301 - [ERROR] - AppLogger.GHLIntegration - Error refreshing token: 400 - {"error":"invalid_grant","error_description":"This refresh token is invalid"}
2025-11-24 07:29:07,304 - [ERROR] - AppLogger.GHLIntegration - ⚠️ Failed to refresh access token. Token refresh returned None.
2025-11-24 07:29:12,274 - [ERROR] - AppLogger.GHLIntegration - Error refreshing token: 400 - {"error":"invalid_grant","error_description":"This refresh token is invalid"}
2025-11-24 07:29:12,281 - [ERROR] - AppLogger.GHLIntegration - ⚠️ Failed to refresh access token. Token refresh returned None.
2025-11-24 07:29:19,597 - [ERROR] - AppLogger.GHLIntegration - Error refreshing token: 400 - {"error":"invalid_grant","error_description":"This refresh token is invalid"}
2025-11-24 07:29:19,600 - [ERROR] - AppLogger.GHLIntegration - ⚠️ Failed to refresh access token. Token refresh returned None.
2025-11-24 07:29:37,880 - [ERROR] - AppLogger.GHLIntegration - Error refreshing token: 400 - {"error":"invalid_grant","error_description":"This refresh token is invalid"}
2025-11-24 07:29:37,882 - [ERROR] - AppLogger.GHLIntegration - ⚠️ Failed to refresh access token. Token refresh returned None.
2025-11-24 07:29:41,153 - [ERROR] - AppLogger.GHLIntegration - Error refreshing token: 400 - {"error":"invalid_grant","error_description":"This refresh token is invalid"}
2025-11-24 07:29:41,160 - [ERROR] - AppLogger.GHLIntegration - ⚠️ Failed to refresh access token. Token refresh returned None.
2025-11-24 07:29:45,097 - [ERROR] - AppLogger.GHLIntegration - Error refreshing token: 400 - {"error":"invalid_grant","error_description":"This refresh token is invalid"}
2025-11-24 07:29:45,101 - [ERROR] - AppLogger.GHLIntegration - ⚠️ Failed to refresh access token. Token refresh returned None.
2025-11-24 07:29:56,009 - [ERROR] - AppLogger.GHLIntegration - Error refreshing token: 400 - {"error":"invalid_grant","error_description":"This refresh token is invalid"}
2025-11-24 07:29:56,012 - [ERROR] - AppLogger.GHLIntegration - ⚠️ Failed to refresh access token. Token refresh returned None.
2025-11-24 07:30:02,074 - [ERROR] - AppLogger.GHLIntegration - Error refreshing token: 400 - {"error":"invalid_grant","error_description":"This refresh token is invalid"}
2025-11-24 07:30:02,081 - [ERROR] - AppLogger.GHLIntegration - ⚠️ Failed to refresh access token. Token refresh returned None.
2025-11-24 07:30:05,594 - [ERROR] - AppLogger.GHLIntegration - Error refreshing token: 400 - {"error":"invalid_grant","error_description":"This refresh token is invalid"}
2025-11-24 07:30:05,597 - [ERROR] - AppLogger.GHLIntegration - ⚠️ Failed to refresh access token. Token refresh returned None.
2025-11-24 07:30:11,625 - [ERROR] - AppLogger.GHLIntegration - Error refreshing token: 400 - {"error":"invalid_grant","error_description":"This refresh token is invalid"}
2025-11-24 07:30:11,628 - [ERROR] - AppLogger.GHLIntegration - ⚠️ Failed to refresh access token. Token refresh returned None.
2025-11-24 07:30:16,347 - [ERROR] - AppLogger.GHLIntegration - Error refreshing token: 400 - {"error":"invalid_grant","error_description":"This refresh token is invalid"}
2025-11-24 07:30:16,349 - [ERROR] - AppLogger.GHLIntegration - ⚠️ Failed to refresh access token. Token refresh returned None.
2025-11-24 07:30:20,093 - [ERROR] - AppLogger.GHLIntegration - Error refreshing token: 400 - {"error":"invalid_grant","error_description":"This refresh token is invalid"}
2025-11-24 07:30:20,096 - [ERROR] - AppLogger.GHLIntegration - ⚠️ Failed to refresh access token. Token refresh returned None.
2025-11-24 07:30:25,138 - [ERROR] - AppLogger.GHLIntegration - Error refreshing token: 400 - {"error":"invalid_grant","error_description":"This refresh token is invalid"}
2025-11-24 07:30:25,148 - [ERROR] - AppLogger.GHLIntegration - ⚠️ Failed to refresh access token. Token refresh returned None.
2025-11-24 07:30:29,071 - [ERROR] - AppLogger.GHLIntegration - Error refreshing token: 400 - {"error":"invalid_grant","error_description":"This refresh token is invalid"}
2025-11-24 07:30:29,075 - [ERROR] - AppLogger.GHLIntegration - ⚠️ Failed to refresh access token. Token refresh returned None.
2025-11-24 07:30:33,721 - [ERROR] - AppLogger.GHLIntegration - Error refreshing token: 400 - {"error":"invalid_grant","error_description":"This refresh token is invalid"}
2025-11-24 07:30:33,727 - [ERROR] - AppLogger.GHLIntegration - ⚠️ Failed to refresh access token. Token refresh returned None.
2025-11-24 07:30:37,110 - [ERROR] - AppLogger.GHLIntegration - Error refreshing token: 400 - {"error":"invalid_grant","error_description":"This refresh token is invalid"}
2025-11-24 07:30:37,118 - [ERROR] - AppLogger.GHLIntegration - ⚠️ Failed to refresh access token. Token refresh returned None.
2025-11-24 07:30:41,024 - [ERROR] - AppLogger.GHLIntegration - Error refreshing token: 400 - {"error":"invalid_grant","error_description":"This refresh token is invalid"}
2025-11-24 07:30:41,026 - [ERROR] - AppLogger.GHLIntegration - ⚠️ Failed to refresh access token. Token refresh returned None.
2025-11-24 07:30:47,270 - [ERROR] - AppLogger.GHLIntegration - Error refreshing token: 400 - {"error":"invalid_grant","error_description":"This refresh token is invalid"}
2025-11-24 07:30:47,276 - [ERROR] - AppLogger.GHLIntegration - ⚠️ Failed to refresh access token. Token refresh returned None.
2025-11-24 07:30:52,683 - [ERROR] - AppLogger.GHLIntegration - Error refreshing token: 400 - {"error":"invalid_grant","error_description":"This refresh token is invalid"}
2025-11-24 07:30:52,685 - [ERROR] - AppLogger.GHLIntegration - ⚠️ Failed to refresh access token. Token refresh returned None.
2025-11-24 07:30:58,820 - [ERROR] - AppLogger.GHLIntegration - Error refreshing token: 400 - {"error":"invalid_grant","error_description":"This refresh token is invalid"}
2025-11-24 07:30:58,824 - [ERROR] - AppLogger.GHLIntegration - ⚠️ Failed to refresh access token. Token refresh returned None.
2025-11-24 07:31:04,455 - [ERROR] - AppLogger.GHLIntegration - Error refreshing token: 400 - {"error":"invalid_grant","error_description":"This refresh token is invalid"}
2025-11-24 07:31:04,457 - [ERROR] - AppLogger.GHLIntegration - ⚠️ Failed to refresh access token. Token refresh returned None.
2025-11-24 07:31:11,359 - [ERROR] - AppLogger.GHLIntegration - Error refreshing token: 400 - {"error":"invalid_grant","error_description":"This refresh token is invalid"}
2025-11-24 07:31:11,362 - [ERROR] - AppLogger.GHLIntegration - ⚠️ Failed to refresh access token. Token refresh returned None.
2025-11-24 07:31:18,084 - [ERROR] - AppLogger.GHLIntegration - Error refreshing token: 400 - {"error":"invalid_grant","error_description":"This refresh token is invalid"}
2025-11-24 07:31:18,091 - [ERROR] - AppLogger.GHLIntegration - ⚠️ Failed to refresh access token. Token refresh returned None.
2025-11-24 07:31:22,113 - [ERROR] - AppLogger.GHLIntegration - Error refreshing token: 400 - {"error":"invalid_grant","error_description":"This refresh token is invalid"}
2025-11-24 07:31:22,117 - [ERROR] - AppLogger.GHLIntegration - ⚠️ Failed to refresh access token. Token refresh returned None.
2025-11-24 07:31:28,567 - [ERROR] - AppLogger.GHLIntegration - Error refreshing token: 400 - {"error":"invalid_grant","error_description":"This refresh token is invalid"}
2025-11-24 07:31:28,570 - [ERROR] - AppLogger.GHLIntegration - ⚠️ Failed to refresh access token. Token refresh returned None.
2025-11-24 07:31:33,677 - [ERROR] - AppLogger.GHLIntegration - Error refreshing token: 400 - {"error":"invalid_grant","error_description":"This refresh token is invalid"}
2025-11-24 07:31:33,680 - [ERROR] - AppLogger.GHLIntegration - ⚠️ Failed to refresh access token. Token refresh returned None.
2025-11-24 07:31:38,843 - [ERROR] - AppLogger.GHLIntegration - Error refreshing token: 400 - {"error":"invalid_grant","error_description":"This refresh token is invalid"}
2025-11-24 07:31:38,846 - [ERROR] - AppLogger.GHLIntegration - ⚠️ Failed to refresh access token. Token refresh returned None.
2025-11-24 07:31:43,817 - [ERROR] - AppLogger.GHLIntegration - Error refreshing token: 400 - {"error":"invalid_grant","error_description":"This refresh token is invalid"}
2025-11-24 07:31:43,820 - [ERROR] - AppLogger.GHLIntegration - ⚠️ Failed to refresh access token. Token refresh returned None.
2025-11-24 07:31:49,368 - [ERROR] - AppLogger.GHLIntegration - Error refreshing token: 400 - {"error":"invalid_grant","error_description":"This refresh token is invalid"}
2025-11-24 07:31:49,372 - [ERROR] - AppLogger.GHLIntegration - ⚠️ Failed to refresh access token. Token refresh returned None.
2025-11-24 07:31:56,113 - [ERROR] - AppLogger.GHLIntegration - Error refreshing token: 400 - {"error":"invalid_grant","error_description":"This refresh token is invalid"}
2025-11-24 07:31:56,121 - [ERROR] - AppLogger.GHLIntegration - ⚠️ Failed to refresh access token. Token refresh returned None.
2025-11-24 07:32:07,916 - [ERROR] - AppLogger.GHLIntegration - Error refreshing token: 400 - {"error":"invalid_grant","error_description":"This refresh token is invalid"}
2025-11-24 07:32:07,919 - [ERROR] - AppLogger.GHLIntegration - ⚠️ Failed to refresh access token. Token refresh returned None.
2025-11-24 07:32:13,499 - [ERROR] - AppLogger.GHLIntegration - Error refreshing token: 400 - {"error":"invalid_grant","error_description":"This refresh token is invalid"}
2025-11-24 07:32:13,501 - [ERROR] - AppLogger.GHLIntegration - ⚠️ Failed to refresh access token. Token refresh returned None.
2025-11-24 07:32:19,187 - [ERROR] - AppLogger.GHLIntegration - Error refreshing token: 400 - {"error":"invalid_grant","error_description":"This refresh token is invalid"}
2025-11-24 07:32:19,189 - [ERROR] - AppLogger.GHLIntegration - ⚠️ Failed to refresh access token. Token refresh returned None.
2025-11-24 07:32:23,975 - [ERROR] - AppLogger.GHLIntegration - Error refreshing token: 400 - {"error":"invalid_grant","error_description":"This refresh token is invalid"}
2025-11-24 07:32:23,980 - [ERROR] - AppLogger.GHLIntegration - ⚠️ Failed to refresh access token. Token refresh returned None.
2025-11-24 07:32:34,492 - [ERROR] - AppLogger.GHLIntegration - Error refreshing token: 400 - {"error":"invalid_grant","error_description":"This refresh token is invalid"}
2025-11-24 07:32:34,501 - [ERROR] - AppLogger.GHLIntegration - ⚠️ Failed to refresh access token. Token refresh returned None.
2025-11-24 07:32:43,316 - [ERROR] - AppLogger.GHLIntegration - Error refreshing token: 400 - {"error":"invalid_grant","error_description":"This refresh token is invalid"}
2025-11-24 07:32:43,320 - [ERROR] - AppLogger.GHLIntegration - ⚠️ Failed to refresh access token. Token refresh returned None.
2025-11-24 07:32:48,570 - [ERROR] - AppLogger.GHLIntegration - Error refreshing token: 400 - {"error":"invalid_grant","error_description":"This refresh token is invalid"}
2025-11-24 07:32:48,573 - [ERROR] - AppLogger.GHLIntegration - ⚠️ Failed to refresh access token. Token refresh returned None.
2025-11-24 07:32:51,500 - [ERROR] - AppLogger.GHLIntegration - Error refreshing token: 400 - {"error":"invalid_grant","error_description":"This refresh token is invalid"}
2025-11-24 07:32:51,502 - [ERROR] - AppLogger.GHLIntegration - ⚠️ Failed to refresh access token. Token refresh returned None.
2025-11-24 07:32:55,248 - [ERROR] - AppLogger.GHLIntegration - Error refreshing token: 400 - {"error":"invalid_grant","error_description":"This refresh token is invalid"}
2025-11-24 07:32:55,251 - [ERROR] - AppLogger.GHLIntegration - ⚠️ Failed to refresh access token. Token refresh returned None.
2025-11-24 07:32:58,178 - [ERROR] - AppLogger.GHLIntegration - Error refreshing token: 400 - {"error":"invalid_grant","error_description":"This refresh token is invalid"}
2025-11-24 07:32:58,180 - [ERROR] - AppLogger.GHLIntegration - ⚠️ Failed to refresh access token. Token refresh returned None.
2025-11-24 07:33:01,488 - [ERROR] - AppLogger.GHLIntegration - Error refreshing token: 400 - {"error":"invalid_grant","error_description":"This refresh token is invalid"}
2025-11-24 07:33:01,493 - [ERROR] - AppLogger.GHLIntegration - ⚠️ Failed to refresh access token. Token refresh returned None.
2025-11-24 07:33:05,491 - [ERROR] - AppLogger.GHLIntegration - Error refreshing token: 400 - {"error":"invalid_grant","error_description":"This refresh token is invalid"}
2025-11-24 07:33:05,495 - [ERROR] - AppLogger.GHLIntegration - ⚠️ Failed to refresh access token. Token refresh returned None.
2025-11-24 07:33:09,451 - [ERROR] - AppLogger.GHLIntegration - Error refreshing token: 400 - {"error":"invalid_grant","error_description":"This refresh token is invalid"}
2025-11-24 07:33:09,454 - [ERROR] - AppLogger.GHLIntegration - ⚠️ Failed to refresh access token. Token refresh returned None.
2025-11-24 07:33:14,851 - [ERROR] - AppLogger.GHLIntegration - Error refreshing token: 400 - {"error":"invalid_grant","error_description":"This refresh token is invalid"}
2025-11-24 07:33:14,858 - [ERROR] - AppLogger.GHLIntegration - ⚠️ Failed to refresh access token. Token refresh returned None.
2025-11-24 07:33:17,820 - [ERROR] - AppLogger.GHLIntegration - Error refreshing token: 400 - {"error":"invalid_grant","error_description":"This refresh token is invalid"}
2025-11-24 07:33:17,824 - [ERROR] - AppLogger.GHLIntegration - ⚠️ Failed to refresh access token. Token refresh returned None.
2025-11-24 07:33:24,136 - [ERROR] - AppLogger.GHLIntegration - Error refreshing token: 400 - {"error":"invalid_grant","error_description":"This refresh token is invalid"}
2025-11-24 07:33:24,140 - [ERROR] - AppLogger.GHLIntegration - ⚠️ Failed to refresh access token. Token refresh returned None.
2025-11-24 07:33:29,259 - [ERROR] - AppLogger.GHLIntegration - Error refreshing token: 400 - {"error":"invalid_grant","error_description":"This refresh token is invalid"}
2025-11-24 07:33:29,262 - [ERROR] - AppLogger.GHLIntegration - ⚠️ Failed to refresh access token. Token refresh returned None.
2025-11-24 07:33:32,509 - [ERROR] - AppLogger.GHLIntegration - Error refreshing token: 400 - {"error":"invalid_grant","error_description":"This refresh token is invalid"}
2025-11-24 07:33:32,511 - [ERROR] - AppLogger.GHLIntegration - ⚠️ Failed to refresh access token. Token refresh returned None.
2025-11-24 07:33:36,510 - [ERROR] - AppLogger.GHLIntegration - Error refreshing token: 400 - {"error":"invalid_grant","error_description":"This refresh token is invalid"}
2025-11-24 07:33:36,513 - [ERROR] - AppLogger.GHLIntegration - ⚠️ Failed to refresh access token. Token refresh returned None.
2025-11-24 07:33:40,492 - [ERROR] - AppLogger.GHLIntegration - Error refreshing token: 400 - {"error":"invalid_grant","error_description":"This refresh token is invalid"}
2025-11-24 07:33:40,495 - [ERROR] - AppLogger.GHLIntegration - ⚠️ Failed to refresh access token. Token refresh returned None.
2025-11-24 07:33:44,987 - [ERROR] - AppLogger.GHLIntegration - Error refreshing token: 400 - {"error":"invalid_grant","error_description":"This refresh token is invalid"}
2025-11-24 07:33:44,990 - [ERROR] - AppLogger.GHLIntegration - ⚠️ Failed to refresh access token. Token refresh returned None.
2025-11-24 07:33:48,904 - [ERROR] - AppLogger.GHLIntegration - Error refreshing token: 400 - {"error":"invalid_grant","error_description":"This refresh token is invalid"}
2025-11-24 07:33:48,910 - [ERROR] - AppLogger.GHLIntegration - ⚠️ Failed to refresh access token. Token refresh returned None.
2025-11-24 07:33:52,507 - [ERROR] - AppLogger.GHLIntegration - Error refreshing token: 400 - {"error":"invalid_grant","error_description":"This refresh token is invalid"}
2025-11-24 07:33:52,511 - [ERROR] - AppLogger.GHLIntegration - ⚠️ Failed to refresh access token. Token refresh returned None.
2025-11-24 07:33:55,985 - [ERROR] - AppLogger.GHLIntegration - Error refreshing token: 400 - {"error":"invalid_grant","error_description":"This refresh token is invalid"}
2025-11-24 07:33:55,988 - [ERROR] - AppLogger.GHLIntegration - ⚠️ Failed to refresh access token. Token refresh returned None.
2025-11-24 07:34:03,012 - [ERROR] - AppLogger.GHLIntegration - Error refreshing token: 400 - {"error":"invalid_grant","error_description":"This refresh token is invalid"}
2025-11-24 07:34:03,014 - [ERROR] - AppLogger.GHLIntegration - ⚠️ Failed to refresh access token. Token refresh returned None.
2025-11-24 07:34:08,060 - [ERROR] - AppLogger.GHLIntegration - Error refreshing token: 400 - {"error":"invalid_grant","error_description":"This refresh token is invalid"}
2025-11-24 07:34:08,063 - [ERROR] - AppLogger.GHLIntegration - ⚠️ Failed to refresh access token. Token refresh returned None.
2025-11-24 07:34:13,996 - [ERROR] - AppLogger.GHLIntegration - Error refreshing token: 400 - {"error":"invalid_grant","error_description":"This refresh token is invalid"}
2025-11-24 07:34:14,002 - [ERROR] - AppLogger.GHLIntegration - ⚠️ Failed to refresh access token. Token refresh returned None.
2025-11-24 07:34:18,646 - [ERROR] - AppLogger.GHLIntegration - Error refreshing token: 400 - {"error":"invalid_grant","error_description":"This refresh token is invalid"}
2025-11-24 07:34:18,648 - [ERROR] - AppLogger.GHLIntegration - ⚠️ Failed to refresh access token. Token refresh returned None.
2025-11-24 07:34:25,510 - [ERROR] - AppLogger.GHLIntegration - Error refreshing token: 400 - {"error":"invalid_grant","error_description":"This refresh token is invalid"}
2025-11-24 07:34:25,514 - [ERROR] - AppLogger.GHLIntegration - ⚠️ Failed to refresh access token. Token refresh returned None.
2025-11-24 07:34:34,225 - [ERROR] - AppLogger.GHLIntegration - Error refreshing token: 400 - {"error":"invalid_grant","error_description":"This refresh token is invalid"}
2025-11-24 07:34:34,229 - [ERROR] - AppLogger.GHLIntegration - ⚠️ Failed to refresh access token. Token refresh returned None.
2025-11-24 07:34:34,229 - [ERROR] - AppLogger.GHLIntegration - [OPPORTUNITY JOB] Failed to get valid access token for booking 4056. Skipping GHL sync.
2025-11-24 07:34:39,885 - [ERROR] - AppLogger.GHLIntegration - Error refreshing token: 400 - {"error":"invalid_grant","error_description":"This refresh token is invalid"}
2025-11-24 07:34:39,893 - [ERROR] - AppLogger.GHLIntegration - ⚠️ Failed to refresh access token. Token refresh returned None.
2025-11-24 07:34:44,019 - [ERROR] - AppLogger.GHLIntegration - Error refreshing token: 400 - {"error":"invalid_grant","error_description":"This refresh token is invalid"}
2025-11-24 07:34:44,025 - [ERROR] - AppLogger.GHLIntegration - ⚠️ Failed to refresh access token. Token refresh returned None.
2025-11-24 07:34:51,530 - [ERROR] - AppLogger.GHLIntegration - Error refreshing token: 400 - {"error":"invalid_grant","error_description":"This refresh token is invalid"}
2025-11-24 07:34:51,533 - [ERROR] - AppLogger.GHLIntegration - ⚠️ Failed to refresh access token. Token refresh returned None.
2025-11-24 07:34:51,534 - [ERROR] - AppLogger.GHLIntegration - [OPPORTUNITY JOB] Failed to get valid access token for booking 4089. Skipping GHL sync.
2025-11-24 07:34:57,204 - [ERROR] - AppLogger.GHLIntegration - Error refreshing token: 400 - {"error":"invalid_grant","error_description":"This refresh token is invalid"}
2025-11-24 07:34:57,207 - [ERROR] - AppLogger.GHLIntegration - ⚠️ Failed to refresh access token. Token refresh returned None.
2025-11-24 07:35:00,825 - [ERROR] - AppLogger.GHLIntegration - Error refreshing token: 400 - {"error":"invalid_grant","error_description":"This refresh token is invalid"}
2025-11-24 07:35:00,827 - [ERROR] - AppLogger.GHLIntegration - ⚠️ Failed to refresh access token. Token refresh returned None.
2025-11-24 07:35:05,190 - [ERROR] - AppLogger.GHLIntegration - Error refreshing token: 400 - {"error":"invalid_grant","error_description":"This refresh token is invalid"}
2025-11-24 07:35:05,194 - [ERROR] - AppLogger.GHLIntegration - ⚠️ Failed to refresh access token. Token refresh returned None.
2025-11-24 07:35:05,195 - [ERROR] - AppLogger.GHLIntegration - [OPPORTUNITY JOB] Failed to get valid access token for booking 4095. Skipping GHL sync.
2025-11-24 07:35:12,511 - [ERROR] - AppLogger.GHLIntegration - Error refreshing token: 400 - {"error":"invalid_grant","error_description":"This refresh token is invalid"}
2025-11-24 07:35:12,513 - [ERROR] - AppLogger.GHLIntegration - ⚠️ Failed to refresh access token. Token refresh returned None.
2025-11-24 07:35:29,414 - [ERROR] - AppLogger.GHLIntegration - Error refreshing token: 400 - {"error":"invalid_grant","error_description":"This refresh token is invalid"}
2025-11-24 07:35:29,417 - [ERROR] - AppLogger.GHLIntegration - ⚠️ Failed to refresh access token. Token refresh returned None.
2025-11-24 07:35:39,720 - [ERROR] - AppLogger.GHLIntegration - Error refreshing token: 400 - {"error":"invalid_grant","error_description":"This refresh token is invalid"}
2025-11-24 07:35:39,724 - [ERROR] - AppLogger.GHLIntegration - ⚠️ Failed to refresh access token. Token refresh returned None.
2025-11-24 07:35:39,724 - [ERROR] - AppLogger.GHLIntegration - [OPPORTUNITY JOB] Failed to get valid access token for booking 4104. Skipping GHL sync.
2025-11-24 07:35:44,387 - [ERROR] - AppLogger.GHLIntegration - Error refreshing token: 400 - {"error":"invalid_grant","error_description":"This refresh token is invalid"}
2025-11-24 07:35:44,391 - [ERROR] - AppLogger.GHLIntegration - ⚠️ Failed to refresh access token. Token refresh returned None.
2025-11-24 07:35:50,641 - [ERROR] - AppLogger.GHLIntegration - Error refreshing token: 400 - {"error":"invalid_grant","error_description":"This refresh token is invalid"}
2025-11-24 07:35:50,643 - [ERROR] - AppLogger.GHLIntegration - ⚠️ Failed to refresh access token. Token refresh returned None.
2025-11-24 07:36:04,521 - [ERROR] - AppLogger.GHLIntegration - Error refreshing token: 400 - {"error":"invalid_grant","error_description":"This refresh token is invalid"}
2025-11-24 07:36:04,524 - [ERROR] - AppLogger.GHLIntegration - ⚠️ Failed to refresh access token. Token refresh returned None.
2025-11-24 07:36:04,525 - [ERROR] - AppLogger.GHLIntegration - [OPPORTUNITY JOB] Failed to get valid access token for booking 4120. Skipping GHL sync.
2025-11-24 07:36:12,233 - [ERROR] - AppLogger.GHLIntegration - Error refreshing token: 400 - {"error":"invalid_grant","error_description":"This refresh token is invalid"}
2025-11-24 07:36:12,239 - [ERROR] - AppLogger.GHLIntegration - ⚠️ Failed to refresh access token. Token refresh returned None.
2025-11-24 07:36:28,220 - [ERROR] - AppLogger.GHLIntegration - Error refreshing token: 400 - {"error":"invalid_grant","error_description":"This refresh token is invalid"}
2025-11-24 07:36:28,225 - [ERROR] - AppLogger.GHLIntegration - ⚠️ Failed to refresh access token. Token refresh returned None.
2025-11-24 07:36:31,934 - [ERROR] - AppLogger.GHLIntegration - Error refreshing token: 400 - {"error":"invalid_grant","error_description":"This refresh token is invalid"}
2025-11-24 07:36:31,936 - [ERROR] - AppLogger.GHLIntegration - ⚠️ Failed to refresh access token. Token refresh returned None.
2025-11-24 07:36:31,937 - [ERROR] - AppLogger.GHLIntegration - [OPPORTUNITY JOB] Failed to get valid access token for booking 4147. Skipping GHL sync.
2025-11-24 07:36:37,186 - [ERROR] - AppLogger.GHLIntegration - Error refreshing token: 400 - {"error":"invalid_grant","error_description":"This refresh token is invalid"}
2025-11-24 07:36:37,188 - [ERROR] - AppLogger.GHLIntegration - ⚠️ Failed to refresh access token. Token refresh returned None.
2025-11-24 07:36:43,011 - [ERROR] - AppLogger.GHLIntegration - Error refreshing token: 400 - {"error":"invalid_grant","error_description":"This refresh token is invalid"}
2025-11-24 07:36:43,019 - [ERROR] - AppLogger.GHLIntegration - ⚠️ Failed to refresh access token. Token refresh returned None.
2025-11-24 07:36:46,828 - [ERROR] - AppLogger.GHLIntegration - [OPPORTUNITY JOB] CRITICAL: Job failed with exception: 2013 (HY000): Lost connection to MySQL server during query
Traceback (most recent call last):
  File "D:\Projects\HolidayBrandAI\venv\Lib\site-packages\mysql\connector\connection_cext.py", line 772, in cmd_query
    self._cmysql.query(
_mysql_connector.MySQLInterfaceError: Lost connection to MySQL server during query

The above exception was the direct cause of the following exception:

Traceback (most recent call last):
  File "D:\Projects\HolidayBrandAI\utils\ghl_api.py", line 284, in create_opportunities_from_newbook
    access_token = get_valid_access_token(GHL_CLIENT_ID, GHL_CLIENT_SECRET)
                   ^^^^^^^^^^^^^^^^^^^^^^^^^^^^^^^^^^^^^^^^^^^^^^^^^^^^^^^^
  File "D:\Projects\HolidayBrandAI\utils\ghl_api.py", line 400, in get_valid_access_token
    token_data = get_token_row()
                 ^^^^^^^^^^^^^^^
  File "D:\Projects\HolidayBrandAI\utils\ghl_api.py", line 331, in get_token_row
    conn = mysql.connector.connect(**db_config)
           ^^^^^^^^^^^^^^^^^^^^^^^^^^^^^^^^^^^^
  File "D:\Projects\HolidayBrandAI\venv\Lib\site-packages\mysql\connector\pooling.py", line 322, in connect
    return CMySQLConnection(*args, **kwargs)
           ^^^^^^^^^^^^^^^^^^^^^^^^^^^^^^^^^
  File "D:\Projects\HolidayBrandAI\venv\Lib\site-packages\mysql\connector\connection_cext.py", line 142, in __init__
    self.connect(**kwargs)
  File "D:\Projects\HolidayBrandAI\venv\Lib\site-packages\mysql\connector\abstracts.py", line 1616, in connect
    self._post_connection()
  File "D:\Projects\HolidayBrandAI\venv\Lib\site-packages\mysql\connector\abstracts.py", line 1556, in _post_connection
    self.set_charset_collation(charset=self._charset_id)
  File "D:\Projects\HolidayBrandAI\venv\Lib\site-packages\mysql\connector\abstracts.py", line 1441, in set_charset_collation
    self._execute_query(f"SET NAMES '{charset_name}' COLLATE '{collation_name}'")
  File "D:\Projects\HolidayBrandAI\venv\Lib\site-packages\mysql\connector\opentelemetry\context_propagation.py", line 97, in wrapper
    return method(cnx, *args, **kwargs)
           ^^^^^^^^^^^^^^^^^^^^^^^^^^^^
  File "D:\Projects\HolidayBrandAI\venv\Lib\site-packages\mysql\connector\connection_cext.py", line 781, in cmd_query
    raise get_mysql_exception(
mysql.connector.errors.OperationalError: 2013 (HY000): Lost connection to MySQL server during query
2025-11-24 07:38:06,433 - [ERROR] - AppLogger.GHLIntegration - Error refreshing token: 400 - {"error":"invalid_grant","error_description":"This refresh token is invalid"}
2025-11-24 07:38:06,437 - [ERROR] - AppLogger.GHLIntegration - ⚠️ Failed to refresh access token. Token refresh returned None.
2025-11-24 07:38:09,099 - [ERROR] - AppLogger.GHLIntegration - Error refreshing token: 400 - {"error":"invalid_grant","error_description":"This refresh token is invalid"}
2025-11-24 07:38:09,103 - [ERROR] - AppLogger.GHLIntegration - ⚠️ Failed to refresh access token. Token refresh returned None.
2025-11-24 07:38:11,454 - [ERROR] - AppLogger.GHLIntegration - Error refreshing token: 400 - {"error":"invalid_grant","error_description":"This refresh token is invalid"}
2025-11-24 07:38:11,457 - [ERROR] - AppLogger.GHLIntegration - ⚠️ Failed to refresh access token. Token refresh returned None.
2025-11-24 07:38:14,061 - [ERROR] - AppLogger.GHLIntegration - Error refreshing token: 400 - {"error":"invalid_grant","error_description":"This refresh token is invalid"}
2025-11-24 07:38:14,064 - [ERROR] - AppLogger.GHLIntegration - ⚠️ Failed to refresh access token. Token refresh returned None.
2025-11-24 07:38:16,721 - [ERROR] - AppLogger.GHLIntegration - Error refreshing token: 400 - {"error":"invalid_grant","error_description":"This refresh token is invalid"}
2025-11-24 07:38:16,724 - [ERROR] - AppLogger.GHLIntegration - ⚠️ Failed to refresh access token. Token refresh returned None.
2025-11-24 07:38:19,322 - [ERROR] - AppLogger.GHLIntegration - Error refreshing token: 400 - {"error":"invalid_grant","error_description":"This refresh token is invalid"}
2025-11-24 07:38:19,326 - [ERROR] - AppLogger.GHLIntegration - ⚠️ Failed to refresh access token. Token refresh returned None.
2025-11-24 07:38:21,767 - [ERROR] - AppLogger.GHLIntegration - Error refreshing token: 400 - {"error":"invalid_grant","error_description":"This refresh token is invalid"}
2025-11-24 07:38:21,770 - [ERROR] - AppLogger.GHLIntegration - ⚠️ Failed to refresh access token. Token refresh returned None.
2025-11-24 07:38:24,319 - [ERROR] - AppLogger.GHLIntegration - Error refreshing token: 400 - {"error":"invalid_grant","error_description":"This refresh token is invalid"}
2025-11-24 07:38:24,323 - [ERROR] - AppLogger.GHLIntegration - ⚠️ Failed to refresh access token. Token refresh returned None.
2025-11-24 07:38:26,946 - [ERROR] - AppLogger.GHLIntegration - Error refreshing token: 400 - {"error":"invalid_grant","error_description":"This refresh token is invalid"}
2025-11-24 07:38:26,949 - [ERROR] - AppLogger.GHLIntegration - ⚠️ Failed to refresh access token. Token refresh returned None.
2025-11-24 07:38:29,339 - [ERROR] - AppLogger.GHLIntegration - Error refreshing token: 400 - {"error":"invalid_grant","error_description":"This refresh token is invalid"}
2025-11-24 07:38:29,342 - [ERROR] - AppLogger.GHLIntegration - ⚠️ Failed to refresh access token. Token refresh returned None.
2025-11-24 07:38:31,742 - [ERROR] - AppLogger.GHLIntegration - Error refreshing token: 400 - {"error":"invalid_grant","error_description":"This refresh token is invalid"}
2025-11-24 07:38:31,744 - [ERROR] - AppLogger.GHLIntegration - ⚠️ Failed to refresh access token. Token refresh returned None.
2025-11-24 07:38:34,260 - [ERROR] - AppLogger.GHLIntegration - Error refreshing token: 400 - {"error":"invalid_grant","error_description":"This refresh token is invalid"}
2025-11-24 07:38:34,266 - [ERROR] - AppLogger.GHLIntegration - ⚠️ Failed to refresh access token. Token refresh returned None.
2025-11-24 07:38:37,105 - [ERROR] - AppLogger.GHLIntegration - Error refreshing token: 400 - {"error":"invalid_grant","error_description":"This refresh token is invalid"}
2025-11-24 07:38:37,109 - [ERROR] - AppLogger.GHLIntegration - ⚠️ Failed to refresh access token. Token refresh returned None.
2025-11-24 07:38:39,579 - [ERROR] - AppLogger.GHLIntegration - Error refreshing token: 400 - {"error":"invalid_grant","error_description":"This refresh token is invalid"}
2025-11-24 07:38:39,583 - [ERROR] - AppLogger.GHLIntegration - ⚠️ Failed to refresh access token. Token refresh returned None.
2025-11-24 07:38:42,175 - [ERROR] - AppLogger.GHLIntegration - Error refreshing token: 400 - {"error":"invalid_grant","error_description":"This refresh token is invalid"}
2025-11-24 07:38:42,224 - [ERROR] - AppLogger.GHLIntegration - ⚠️ Failed to refresh access token. Token refresh returned None.
2025-11-24 07:38:44,691 - [ERROR] - AppLogger.GHLIntegration - Error refreshing token: 400 - {"error":"invalid_grant","error_description":"This refresh token is invalid"}
2025-11-24 07:38:44,694 - [ERROR] - AppLogger.GHLIntegration - ⚠️ Failed to refresh access token. Token refresh returned None.
2025-11-24 07:38:47,123 - [ERROR] - AppLogger.GHLIntegration - Error refreshing token: 400 - {"error":"invalid_grant","error_description":"This refresh token is invalid"}
2025-11-24 07:38:47,132 - [ERROR] - AppLogger.GHLIntegration - ⚠️ Failed to refresh access token. Token refresh returned None.
2025-11-24 07:38:49,592 - [ERROR] - AppLogger.GHLIntegration - Error refreshing token: 400 - {"error":"invalid_grant","error_description":"This refresh token is invalid"}
2025-11-24 07:38:49,594 - [ERROR] - AppLogger.GHLIntegration - ⚠️ Failed to refresh access token. Token refresh returned None.
2025-11-24 07:38:51,925 - [ERROR] - AppLogger.GHLIntegration - Error refreshing token: 400 - {"error":"invalid_grant","error_description":"This refresh token is invalid"}
2025-11-24 07:38:51,928 - [ERROR] - AppLogger.GHLIntegration - ⚠️ Failed to refresh access token. Token refresh returned None.
2025-11-24 07:38:54,358 - [ERROR] - AppLogger.GHLIntegration - Error refreshing token: 400 - {"error":"invalid_grant","error_description":"This refresh token is invalid"}
2025-11-24 07:38:54,361 - [ERROR] - AppLogger.GHLIntegration - ⚠️ Failed to refresh access token. Token refresh returned None.
2025-11-24 07:38:56,744 - [ERROR] - AppLogger.GHLIntegration - Error refreshing token: 400 - {"error":"invalid_grant","error_description":"This refresh token is invalid"}
2025-11-24 07:38:56,747 - [ERROR] - AppLogger.GHLIntegration - ⚠️ Failed to refresh access token. Token refresh returned None.
2025-11-24 07:38:59,268 - [ERROR] - AppLogger.GHLIntegration - Error refreshing token: 400 - {"error":"invalid_grant","error_description":"This refresh token is invalid"}
2025-11-24 07:38:59,271 - [ERROR] - AppLogger.GHLIntegration - ⚠️ Failed to refresh access token. Token refresh returned None.
2025-11-24 07:39:01,688 - [ERROR] - AppLogger.GHLIntegration - Error refreshing token: 400 - {"error":"invalid_grant","error_description":"This refresh token is invalid"}
2025-11-24 07:39:01,692 - [ERROR] - AppLogger.GHLIntegration - ⚠️ Failed to refresh access token. Token refresh returned None.
2025-11-24 07:39:04,619 - [ERROR] - AppLogger.GHLIntegration - Error refreshing token: 400 - {"error":"invalid_grant","error_description":"This refresh token is invalid"}
2025-11-24 07:39:04,622 - [ERROR] - AppLogger.GHLIntegration - ⚠️ Failed to refresh access token. Token refresh returned None.
2025-11-24 07:39:07,677 - [ERROR] - AppLogger.GHLIntegration - Error refreshing token: 400 - {"error":"invalid_grant","error_description":"This refresh token is invalid"}
2025-11-24 07:39:07,680 - [ERROR] - AppLogger.GHLIntegration - ⚠️ Failed to refresh access token. Token refresh returned None.
2025-11-24 07:39:10,023 - [ERROR] - AppLogger.GHLIntegration - Error refreshing token: 400 - {"error":"invalid_grant","error_description":"This refresh token is invalid"}
2025-11-24 07:39:10,029 - [ERROR] - AppLogger.GHLIntegration - ⚠️ Failed to refresh access token. Token refresh returned None.
2025-11-24 07:39:12,453 - [ERROR] - AppLogger.GHLIntegration - Error refreshing token: 400 - {"error":"invalid_grant","error_description":"This refresh token is invalid"}
2025-11-24 07:39:12,455 - [ERROR] - AppLogger.GHLIntegration - ⚠️ Failed to refresh access token. Token refresh returned None.
2025-11-24 07:39:14,761 - [ERROR] - AppLogger.GHLIntegration - Error refreshing token: 400 - {"error":"invalid_grant","error_description":"This refresh token is invalid"}
2025-11-24 07:39:14,764 - [ERROR] - AppLogger.GHLIntegration - ⚠️ Failed to refresh access token. Token refresh returned None.
2025-11-24 07:39:17,182 - [ERROR] - AppLogger.GHLIntegration - Error refreshing token: 400 - {"error":"invalid_grant","error_description":"This refresh token is invalid"}
2025-11-24 07:39:17,187 - [ERROR] - AppLogger.GHLIntegration - ⚠️ Failed to refresh access token. Token refresh returned None.
2025-11-24 07:39:19,772 - [ERROR] - AppLogger.GHLIntegration - Error refreshing token: 400 - {"error":"invalid_grant","error_description":"This refresh token is invalid"}
2025-11-24 07:39:19,774 - [ERROR] - AppLogger.GHLIntegration - ⚠️ Failed to refresh access token. Token refresh returned None.
2025-11-24 07:39:22,717 - [ERROR] - AppLogger.GHLIntegration - Error refreshing token: 400 - {"error":"invalid_grant","error_description":"This refresh token is invalid"}
2025-11-24 07:39:22,720 - [ERROR] - AppLogger.GHLIntegration - ⚠️ Failed to refresh access token. Token refresh returned None.
2025-11-24 07:39:25,051 - [ERROR] - AppLogger.GHLIntegration - Error refreshing token: 400 - {"error":"invalid_grant","error_description":"This refresh token is invalid"}
2025-11-24 07:39:25,054 - [ERROR] - AppLogger.GHLIntegration - ⚠️ Failed to refresh access token. Token refresh returned None.
2025-11-24 07:39:27,607 - [ERROR] - AppLogger.GHLIntegration - Error refreshing token: 400 - {"error":"invalid_grant","error_description":"This refresh token is invalid"}
2025-11-24 07:39:27,609 - [ERROR] - AppLogger.GHLIntegration - ⚠️ Failed to refresh access token. Token refresh returned None.
2025-11-24 07:39:30,112 - [ERROR] - AppLogger.GHLIntegration - Error refreshing token: 400 - {"error":"invalid_grant","error_description":"This refresh token is invalid"}
2025-11-24 07:39:30,119 - [ERROR] - AppLogger.GHLIntegration - ⚠️ Failed to refresh access token. Token refresh returned None.
2025-11-24 07:39:32,985 - [ERROR] - AppLogger.GHLIntegration - Error refreshing token: 400 - {"error":"invalid_grant","error_description":"This refresh token is invalid"}
2025-11-24 07:39:32,988 - [ERROR] - AppLogger.GHLIntegration - ⚠️ Failed to refresh access token. Token refresh returned None.
2025-11-24 07:39:35,290 - [ERROR] - AppLogger.GHLIntegration - Error refreshing token: 400 - {"error":"invalid_grant","error_description":"This refresh token is invalid"}
2025-11-24 07:39:35,293 - [ERROR] - AppLogger.GHLIntegration - ⚠️ Failed to refresh access token. Token refresh returned None.
2025-11-24 07:39:37,677 - [ERROR] - AppLogger.GHLIntegration - Error refreshing token: 400 - {"error":"invalid_grant","error_description":"This refresh token is invalid"}
2025-11-24 07:39:37,680 - [ERROR] - AppLogger.GHLIntegration - ⚠️ Failed to refresh access token. Token refresh returned None.
2025-11-24 07:39:40,139 - [ERROR] - AppLogger.GHLIntegration - Error refreshing token: 400 - {"error":"invalid_grant","error_description":"This refresh token is invalid"}
2025-11-24 07:39:40,146 - [ERROR] - AppLogger.GHLIntegration - ⚠️ Failed to refresh access token. Token refresh returned None.
2025-11-24 07:39:43,015 - [ERROR] - AppLogger.GHLIntegration - Error refreshing token: 400 - {"error":"invalid_grant","error_description":"This refresh token is invalid"}
2025-11-24 07:39:43,023 - [ERROR] - AppLogger.GHLIntegration - ⚠️ Failed to refresh access token. Token refresh returned None.
2025-11-24 07:39:45,538 - [ERROR] - AppLogger.GHLIntegration - Error refreshing token: 400 - {"error":"invalid_grant","error_description":"This refresh token is invalid"}
2025-11-24 07:39:45,542 - [ERROR] - AppLogger.GHLIntegration - ⚠️ Failed to refresh access token. Token refresh returned None.
2025-11-24 07:39:48,759 - [ERROR] - AppLogger.GHLIntegration - Error refreshing token: 400 - {"error":"invalid_grant","error_description":"This refresh token is invalid"}
2025-11-24 07:39:48,762 - [ERROR] - AppLogger.GHLIntegration - ⚠️ Failed to refresh access token. Token refresh returned None.
2025-11-24 07:39:52,492 - [ERROR] - AppLogger.GHLIntegration - Error refreshing token: 400 - {"error":"invalid_grant","error_description":"This refresh token is invalid"}
2025-11-24 07:39:52,511 - [ERROR] - AppLogger.GHLIntegration - ⚠️ Failed to refresh access token. Token refresh returned None.
2025-11-24 07:39:56,208 - [ERROR] - AppLogger.GHLIntegration - Error refreshing token: 400 - {"error":"invalid_grant","error_description":"This refresh token is invalid"}
2025-11-24 07:39:56,211 - [ERROR] - AppLogger.GHLIntegration - ⚠️ Failed to refresh access token. Token refresh returned None.
2025-11-24 07:39:58,866 - [ERROR] - AppLogger.GHLIntegration - Error refreshing token: 400 - {"error":"invalid_grant","error_description":"This refresh token is invalid"}
2025-11-24 07:39:58,870 - [ERROR] - AppLogger.GHLIntegration - ⚠️ Failed to refresh access token. Token refresh returned None.
2025-11-24 07:40:01,637 - [ERROR] - AppLogger.GHLIntegration - Error refreshing token: 400 - {"error":"invalid_grant","error_description":"This refresh token is invalid"}
2025-11-24 07:40:01,640 - [ERROR] - AppLogger.GHLIntegration - ⚠️ Failed to refresh access token. Token refresh returned None.
2025-11-24 07:40:04,734 - [ERROR] - AppLogger.GHLIntegration - Error refreshing token: 400 - {"error":"invalid_grant","error_description":"This refresh token is invalid"}
2025-11-24 07:40:04,738 - [ERROR] - AppLogger.GHLIntegration - ⚠️ Failed to refresh access token. Token refresh returned None.
2025-11-24 07:40:08,486 - [ERROR] - AppLogger.GHLIntegration - Error refreshing token: 400 - {"error":"invalid_grant","error_description":"This refresh token is invalid"}
2025-11-24 07:40:08,489 - [ERROR] - AppLogger.GHLIntegration - ⚠️ Failed to refresh access token. Token refresh returned None.
2025-11-24 07:40:12,429 - [ERROR] - AppLogger.GHLIntegration - Error refreshing token: 400 - {"error":"invalid_grant","error_description":"This refresh token is invalid"}
2025-11-24 07:40:12,433 - [ERROR] - AppLogger.GHLIntegration - ⚠️ Failed to refresh access token. Token refresh returned None.
2025-11-24 07:40:14,778 - [ERROR] - AppLogger.GHLIntegration - Error refreshing token: 400 - {"error":"invalid_grant","error_description":"This refresh token is invalid"}
2025-11-24 07:40:14,781 - [ERROR] - AppLogger.GHLIntegration - ⚠️ Failed to refresh access token. Token refresh returned None.
2025-11-24 07:40:17,879 - [ERROR] - AppLogger.GHLIntegration - Error refreshing token: 400 - {"error":"invalid_grant","error_description":"This refresh token is invalid"}
2025-11-24 07:40:17,885 - [ERROR] - AppLogger.GHLIntegration - ⚠️ Failed to refresh access token. Token refresh returned None.
2025-11-24 07:40:21,063 - [ERROR] - AppLogger.GHLIntegration - Error refreshing token: 400 - {"error":"invalid_grant","error_description":"This refresh token is invalid"}
2025-11-24 07:40:21,065 - [ERROR] - AppLogger.GHLIntegration - ⚠️ Failed to refresh access token. Token refresh returned None.
2025-11-24 07:40:23,529 - [ERROR] - AppLogger.GHLIntegration - Error refreshing token: 400 - {"error":"invalid_grant","error_description":"This refresh token is invalid"}
2025-11-24 07:40:23,534 - [ERROR] - AppLogger.GHLIntegration - ⚠️ Failed to refresh access token. Token refresh returned None.
2025-11-24 07:40:26,067 - [ERROR] - AppLogger.GHLIntegration - Error refreshing token: 400 - {"error":"invalid_grant","error_description":"This refresh token is invalid"}
2025-11-24 07:40:26,070 - [ERROR] - AppLogger.GHLIntegration - ⚠️ Failed to refresh access token. Token refresh returned None.
2025-11-24 07:40:28,478 - [ERROR] - AppLogger.GHLIntegration - Error refreshing token: 400 - {"error":"invalid_grant","error_description":"This refresh token is invalid"}
2025-11-24 07:40:28,480 - [ERROR] - AppLogger.GHLIntegration - ⚠️ Failed to refresh access token. Token refresh returned None.
2025-11-24 07:40:31,144 - [ERROR] - AppLogger.GHLIntegration - Error refreshing token: 400 - {"error":"invalid_grant","error_description":"This refresh token is invalid"}
2025-11-24 07:40:31,148 - [ERROR] - AppLogger.GHLIntegration - ⚠️ Failed to refresh access token. Token refresh returned None.
2025-11-24 07:40:33,576 - [ERROR] - AppLogger.GHLIntegration - Error refreshing token: 400 - {"error":"invalid_grant","error_description":"This refresh token is invalid"}
2025-11-24 07:40:33,580 - [ERROR] - AppLogger.GHLIntegration - ⚠️ Failed to refresh access token. Token refresh returned None.
2025-11-24 07:40:35,915 - [ERROR] - AppLogger.GHLIntegration - Error refreshing token: 400 - {"error":"invalid_grant","error_description":"This refresh token is invalid"}
2025-11-24 07:40:35,924 - [ERROR] - AppLogger.GHLIntegration - ⚠️ Failed to refresh access token. Token refresh returned None.
2025-11-24 07:40:38,581 - [ERROR] - AppLogger.GHLIntegration - Error refreshing token: 400 - {"error":"invalid_grant","error_description":"This refresh token is invalid"}
2025-11-24 07:40:38,585 - [ERROR] - AppLogger.GHLIntegration - ⚠️ Failed to refresh access token. Token refresh returned None.
2025-11-24 07:40:40,961 - [ERROR] - AppLogger.GHLIntegration - Error refreshing token: 400 - {"error":"invalid_grant","error_description":"This refresh token is invalid"}
2025-11-24 07:40:40,964 - [ERROR] - AppLogger.GHLIntegration - ⚠️ Failed to refresh access token. Token refresh returned None.
2025-11-24 07:40:43,478 - [ERROR] - AppLogger.GHLIntegration - Error refreshing token: 400 - {"error":"invalid_grant","error_description":"This refresh token is invalid"}
2025-11-24 07:40:43,481 - [ERROR] - AppLogger.GHLIntegration - ⚠️ Failed to refresh access token. Token refresh returned None.
2025-11-24 07:40:46,219 - [ERROR] - AppLogger.GHLIntegration - Error refreshing token: 400 - {"error":"invalid_grant","error_description":"This refresh token is invalid"}
2025-11-24 07:40:46,222 - [ERROR] - AppLogger.GHLIntegration - ⚠️ Failed to refresh access token. Token refresh returned None.
2025-11-24 07:40:48,684 - [ERROR] - AppLogger.GHLIntegration - Error refreshing token: 400 - {"error":"invalid_grant","error_description":"This refresh token is invalid"}
2025-11-24 07:40:48,686 - [ERROR] - AppLogger.GHLIntegration - ⚠️ Failed to refresh access token. Token refresh returned None.
2025-11-24 07:40:51,044 - [ERROR] - AppLogger.GHLIntegration - Error refreshing token: 400 - {"error":"invalid_grant","error_description":"This refresh token is invalid"}
2025-11-24 07:40:51,047 - [ERROR] - AppLogger.GHLIntegration - ⚠️ Failed to refresh access token. Token refresh returned None.
2025-11-24 07:40:54,084 - [ERROR] - AppLogger.GHLIntegration - Error refreshing token: 400 - {"error":"invalid_grant","error_description":"This refresh token is invalid"}
2025-11-24 07:40:54,088 - [ERROR] - AppLogger.GHLIntegration - ⚠️ Failed to refresh access token. Token refresh returned None.
2025-11-24 07:40:56,620 - [ERROR] - AppLogger.GHLIntegration - Error refreshing token: 400 - {"error":"invalid_grant","error_description":"This refresh token is invalid"}
2025-11-24 07:40:56,623 - [ERROR] - AppLogger.GHLIntegration - ⚠️ Failed to refresh access token. Token refresh returned None.
2025-11-24 07:40:59,163 - [ERROR] - AppLogger.GHLIntegration - Error refreshing token: 400 - {"error":"invalid_grant","error_description":"This refresh token is invalid"}
2025-11-24 07:40:59,167 - [ERROR] - AppLogger.GHLIntegration - ⚠️ Failed to refresh access token. Token refresh returned None.
2025-11-24 07:41:01,663 - [ERROR] - AppLogger.GHLIntegration - Error refreshing token: 400 - {"error":"invalid_grant","error_description":"This refresh token is invalid"}
2025-11-24 07:41:01,666 - [ERROR] - AppLogger.GHLIntegration - ⚠️ Failed to refresh access token. Token refresh returned None.
2025-11-24 07:41:04,145 - [ERROR] - AppLogger.GHLIntegration - Error refreshing token: 400 - {"error":"invalid_grant","error_description":"This refresh token is invalid"}
2025-11-24 07:41:04,147 - [ERROR] - AppLogger.GHLIntegration - ⚠️ Failed to refresh access token. Token refresh returned None.
2025-11-24 07:41:07,256 - [ERROR] - AppLogger.GHLIntegration - Error refreshing token: 400 - {"error":"invalid_grant","error_description":"This refresh token is invalid"}
2025-11-24 07:41:07,265 - [ERROR] - AppLogger.GHLIntegration - ⚠️ Failed to refresh access token. Token refresh returned None.
2025-11-24 07:41:07,268 - [ERROR] - AppLogger.GHLIntegration - [OPPORTUNITY JOB] Failed to get valid access token for booking 4056. Skipping GHL sync.
2025-11-24 07:41:10,357 - [ERROR] - AppLogger.GHLIntegration - Error refreshing token: 400 - {"error":"invalid_grant","error_description":"This refresh token is invalid"}
2025-11-24 07:41:10,361 - [ERROR] - AppLogger.GHLIntegration - ⚠️ Failed to refresh access token. Token refresh returned None.
2025-11-24 07:41:12,967 - [ERROR] - AppLogger.GHLIntegration - Error refreshing token: 400 - {"error":"invalid_grant","error_description":"This refresh token is invalid"}
2025-11-24 07:41:12,973 - [ERROR] - AppLogger.GHLIntegration - ⚠️ Failed to refresh access token. Token refresh returned None.
2025-11-24 07:41:15,391 - [ERROR] - AppLogger.GHLIntegration - Error refreshing token: 400 - {"error":"invalid_grant","error_description":"This refresh token is invalid"}
2025-11-24 07:41:15,395 - [ERROR] - AppLogger.GHLIntegration - ⚠️ Failed to refresh access token. Token refresh returned None.
2025-11-24 07:41:15,396 - [ERROR] - AppLogger.GHLIntegration - [OPPORTUNITY JOB] Failed to get valid access token for booking 4089. Skipping GHL sync.
2025-11-24 07:41:17,875 - [ERROR] - AppLogger.GHLIntegration - Error refreshing token: 400 - {"error":"invalid_grant","error_description":"This refresh token is invalid"}
2025-11-24 07:41:17,878 - [ERROR] - AppLogger.GHLIntegration - ⚠️ Failed to refresh access token. Token refresh returned None.
2025-11-24 07:41:20,546 - [ERROR] - AppLogger.GHLIntegration - Error refreshing token: 400 - {"error":"invalid_grant","error_description":"This refresh token is invalid"}
2025-11-24 07:41:20,550 - [ERROR] - AppLogger.GHLIntegration - ⚠️ Failed to refresh access token. Token refresh returned None.
2025-11-24 07:41:23,036 - [ERROR] - AppLogger.GHLIntegration - Error refreshing token: 400 - {"error":"invalid_grant","error_description":"This refresh token is invalid"}
2025-11-24 07:41:23,038 - [ERROR] - AppLogger.GHLIntegration - ⚠️ Failed to refresh access token. Token refresh returned None.
2025-11-24 07:41:23,039 - [ERROR] - AppLogger.GHLIntegration - [OPPORTUNITY JOB] Failed to get valid access token for booking 4095. Skipping GHL sync.
2025-11-24 07:41:25,605 - [ERROR] - AppLogger.GHLIntegration - Error refreshing token: 400 - {"error":"invalid_grant","error_description":"This refresh token is invalid"}
2025-11-24 07:41:25,607 - [ERROR] - AppLogger.GHLIntegration - ⚠️ Failed to refresh access token. Token refresh returned None.
2025-11-24 07:41:28,739 - [ERROR] - AppLogger.GHLIntegration - Error refreshing token: 400 - {"error":"invalid_grant","error_description":"This refresh token is invalid"}
2025-11-24 07:41:28,742 - [ERROR] - AppLogger.GHLIntegration - ⚠️ Failed to refresh access token. Token refresh returned None.
2025-11-24 07:41:31,522 - [ERROR] - AppLogger.GHLIntegration - Error refreshing token: 400 - {"error":"invalid_grant","error_description":"This refresh token is invalid"}
2025-11-24 07:41:31,532 - [ERROR] - AppLogger.GHLIntegration - ⚠️ Failed to refresh access token. Token refresh returned None.
2025-11-24 07:41:31,539 - [ERROR] - AppLogger.GHLIntegration - [OPPORTUNITY JOB] Failed to get valid access token for booking 4104. Skipping GHL sync.
2025-11-24 07:41:34,399 - [ERROR] - AppLogger.GHLIntegration - Error refreshing token: 400 - {"error":"invalid_grant","error_description":"This refresh token is invalid"}
2025-11-24 07:41:34,402 - [ERROR] - AppLogger.GHLIntegration - ⚠️ Failed to refresh access token. Token refresh returned None.
2025-11-24 07:41:37,756 - [ERROR] - AppLogger.GHLIntegration - Error refreshing token: 400 - {"error":"invalid_grant","error_description":"This refresh token is invalid"}
2025-11-24 07:41:37,763 - [ERROR] - AppLogger.GHLIntegration - ⚠️ Failed to refresh access token. Token refresh returned None.
2025-11-24 07:41:40,240 - [ERROR] - AppLogger.GHLIntegration - Error refreshing token: 400 - {"error":"invalid_grant","error_description":"This refresh token is invalid"}
2025-11-24 07:41:40,244 - [ERROR] - AppLogger.GHLIntegration - ⚠️ Failed to refresh access token. Token refresh returned None.
2025-11-24 07:41:40,245 - [ERROR] - AppLogger.GHLIntegration - [OPPORTUNITY JOB] Failed to get valid access token for booking 4120. Skipping GHL sync.
2025-11-24 07:41:43,010 - [ERROR] - AppLogger.GHLIntegration - Error refreshing token: 400 - {"error":"invalid_grant","error_description":"This refresh token is invalid"}
2025-11-24 07:41:43,129 - [ERROR] - AppLogger.GHLIntegration - ⚠️ Failed to refresh access token. Token refresh returned None.
2025-11-24 07:45:39,766 - [ERROR] - AppLogger.GHLIntegration - Error refreshing token: 400 - {"error":"invalid_grant","error_description":"This refresh token is invalid"}
2025-11-24 07:45:39,767 - [ERROR] - AppLogger.GHLIntegration - 🚨 CRITICAL: Refresh token is invalid or expired. This usually means:
  1. The refresh token has expired (GoHighLevel refresh tokens can expire after ~90 days of inactivity)
  2. The token was revoked in GoHighLevel settings
  3. The OAuth app credentials changed

⚠️ ACTION REQUIRED: You need to re-authenticate the GoHighLevel integration.
   Please go through the OAuth authorization flow again to get new tokens.
2025-11-24 07:45:39,772 - [ERROR] - AppLogger.GHLIntegration - ⚠️ Re-authentication required. Refresh token is invalid.
2025-11-24 08:32:27,934 - [ERROR] - AppLogger.GHLIntegration - [OPPORTUNITY JOB] CRITICAL: Job failed with exception: ('Connection aborted.', RemoteDisconnected('Remote end closed connection without response'))
Traceback (most recent call last):
  File "D:\Projects\HolidayBrandAI\venv\Lib\site-packages\urllib3\connectionpool.py", line 787, in urlopen
    response = self._make_request(
               ^^^^^^^^^^^^^^^^^^^
  File "D:\Projects\HolidayBrandAI\venv\Lib\site-packages\urllib3\connectionpool.py", line 534, in _make_request
    response = conn.getresponse()
               ^^^^^^^^^^^^^^^^^^
  File "D:\Projects\HolidayBrandAI\venv\Lib\site-packages\urllib3\connection.py", line 565, in getresponse
    httplib_response = super().getresponse()
                       ^^^^^^^^^^^^^^^^^^^^^
  File "C:\Users\AR\AppData\Local\Programs\Python\Python312\Lib\http\client.py", line 1411, in getresponse
    response.begin()
  File "C:\Users\AR\AppData\Local\Programs\Python\Python312\Lib\http\client.py", line 324, in begin
    version, status, reason = self._read_status()
                              ^^^^^^^^^^^^^^^^^^^
  File "C:\Users\AR\AppData\Local\Programs\Python\Python312\Lib\http\client.py", line 293, in _read_status
    raise RemoteDisconnected("Remote end closed connection without"
http.client.RemoteDisconnected: Remote end closed connection without response

During handling of the above exception, another exception occurred:

Traceback (most recent call last):
  File "D:\Projects\HolidayBrandAI\venv\Lib\site-packages\requests\adapters.py", line 644, in send
    resp = conn.urlopen(
           ^^^^^^^^^^^^^
  File "D:\Projects\HolidayBrandAI\venv\Lib\site-packages\urllib3\connectionpool.py", line 841, in urlopen
    retries = retries.increment(
              ^^^^^^^^^^^^^^^^^^
  File "D:\Projects\HolidayBrandAI\venv\Lib\site-packages\urllib3\util\retry.py", line 474, in increment
    raise reraise(type(error), error, _stacktrace)
          ^^^^^^^^^^^^^^^^^^^^^^^^^^^^^^^^^^^^^^^^
  File "D:\Projects\HolidayBrandAI\venv\Lib\site-packages\urllib3\util\util.py", line 38, in reraise
    raise value.with_traceback(tb)
  File "D:\Projects\HolidayBrandAI\venv\Lib\site-packages\urllib3\connectionpool.py", line 787, in urlopen
    response = self._make_request(
               ^^^^^^^^^^^^^^^^^^^
  File "D:\Projects\HolidayBrandAI\venv\Lib\site-packages\urllib3\connectionpool.py", line 534, in _make_request
    response = conn.getresponse()
               ^^^^^^^^^^^^^^^^^^
  File "D:\Projects\HolidayBrandAI\venv\Lib\site-packages\urllib3\connection.py", line 565, in getresponse
    httplib_response = super().getresponse()
                       ^^^^^^^^^^^^^^^^^^^^^
  File "C:\Users\AR\AppData\Local\Programs\Python\Python312\Lib\http\client.py", line 1411, in getresponse
    response.begin()
  File "C:\Users\AR\AppData\Local\Programs\Python\Python312\Lib\http\client.py", line 324, in begin
    version, status, reason = self._read_status()
                              ^^^^^^^^^^^^^^^^^^^
  File "C:\Users\AR\AppData\Local\Programs\Python\Python312\Lib\http\client.py", line 293, in _read_status
    raise RemoteDisconnected("Remote end closed connection without"
urllib3.exceptions.ProtocolError: ('Connection aborted.', RemoteDisconnected('Remote end closed connection without response'))

During handling of the above exception, another exception occurred:

Traceback (most recent call last):
  File "D:\Projects\HolidayBrandAI\utils\ghl_api.py", line 271, in create_opportunities_from_newbook
    delete_opportunity_by_booking_id(
  File "D:\Projects\HolidayBrandAI\utils\ghl_api.py", line 662, in delete_opportunity_by_booking_id
  File "D:\Projects\HolidayBrandAI\venv\Lib\site-packages\requests\api.py", line 73, in get
    return request("get", url, params=params, **kwargs)
           ^^^^^^^^^^^^^^^^^^^^^^^^^^^^^^^^^^^^^^^^^^^^
  File "D:\Projects\HolidayBrandAI\venv\Lib\site-packages\requests\api.py", line 59, in request
    return session.request(method=method, url=url, **kwargs)
           ^^^^^^^^^^^^^^^^^^^^^^^^^^^^^^^^^^^^^^^^^^^^^^^^^
  File "D:\Projects\HolidayBrandAI\venv\Lib\site-packages\requests\sessions.py", line 589, in request
    resp = self.send(prep, **send_kwargs)
           ^^^^^^^^^^^^^^^^^^^^^^^^^^^^^^
  File "D:\Projects\HolidayBrandAI\venv\Lib\site-packages\requests\sessions.py", line 703, in send
    r = adapter.send(request, **kwargs)
        ^^^^^^^^^^^^^^^^^^^^^^^^^^^^^^^
  File "D:\Projects\HolidayBrandAI\venv\Lib\site-packages\requests\adapters.py", line 659, in send
    raise ConnectionError(err, request=request)
requests.exceptions.ConnectionError: ('Connection aborted.', RemoteDisconnected('Remote end closed connection without response'))
